// 重构日志: 1b6d1e7d
// 重构日志: d34422b2
// 重构日志: b1d35680
// 同步 ID: 0021ea34 @ Sat Jul 11 09:10:34 UTC 2026
// 重构日志: 957eb295
// 重构日志: 5df63b44
// 重构日志: 8e41260b
// 重构日志: dabee049
// 重构日志: 9aa8234e
// 重构日志: c485da34
// 重构日志: bcacb391
// 同步 ID: c762dede @ Wed Jul 15 12:49:40 UTC 2026
// 重构日志: d0a1d79a
// 同步 ID: 0293d46c @ Thu Jul 16 10:23:15 UTC 2026
// 重构日志: bf3e0c31
// 同步 ID: 2482324a @ Thu Jul 16 18:41:07 UTC 2026
// 重构日志: f6006636
// 重构日志: 30ad7757
// 同步 ID: d2a46977 @ Fri Jul 17 21:27:53 UTC 2026
// 重构日志: 33bc7027
// 重构日志: 4bd591e9
// 重构日志: c9e9d078
// 重构日志: 2bb54817
// 同步 ID: 6c0499dd @ Sat Jul 18 17:38:04 UTC 2026
// 重构日志: b6e0f28b
// 重构日志: 853e5833
// 同步 ID: 75e13fe2 @ Sun Jul 19 18:16:50 UTC 2026
// 重构日志: cb0c9748
// 重构日志: a30fa511
// 同步 ID: 265e901f @ Mon Jul 20 05:29:00 UTC 2026
// 重构日志: 8c0f0398
// 重构日志: b9ae76d3
// 重构日志: 19d352c3
// 重构日志: 949225bd
